<?xml version="1.0" encoding="UTF-8"?>
<testsuite xmlns:xsi="http://www.w3.org/2001/XMLSchema-instance" xsi:noNamespaceSchemaLocation="https://maven.apache.org/surefire/maven-surefire-plugin/xsd/surefire-test-report-3.0.xsd" version="3.0" name="com.fisa.configfileserver.ConfigFileServerApplicationTests" time="1.69" tests="1" errors="0" skipped="0" failures="0">
  <properties>
[...]
</properties>
  <testcase name="contextLoads" classname="com.fisa.configfileserver.ConfigFileServerApplicationTests" time="0.41">
    <system-out><![CDATA[14:12:43.423 [main] INFO org.springframework.test.context.support.AnnotationConfigContextLoaderUtils -- Could not detect default configuration classes for test class [com.fisa.configfileserver.ConfigFileServerApplicationTests]: ConfigFileServerApplicationTests does not declare any static, non-private, non-final, nested classes annotated with @Configuration.
14:12:43.460 [main] INFO org.springframework.boot.test.context.SpringBootTestContextBootstrapper -- Found @SpringBootConfiguration com.fisa.configfileserver.ConfigFileServerApplication for test class com.fisa.configfileserver.ConfigFileServerApplicationTests

  .   ____          _            __ _ _
 /\\ / ___'_ __ _ _(_)_ __  __ _ \ \ \ \
( ( )\___ | '_ | '_| | '_ \/ _` | \ \ \ \
 \\/  ___)| |_)| | | | | || (_| |  ) ) ) )
  '  |____| .__|_| |_|_| |_\__, | / / / /
 =========|_|==============|___/=/_/_/_/
&amp#27;[32m :: Spring Boot :: &amp#27;[39m              &amp#27;[2m (v3.2.4)&amp#27;[0;39m

&amp#27;[2m2024-04-25T14:12:43.650+02:00&amp#27;[0;39m &amp#27;[32m INFO&amp#27;[0;39m &amp#27;[35m49809&amp#27;[0;39m &amp#27;[2m---&amp#27;[0;39m &amp#27;[2m[config-file-server] [           main]&amp#27;[0;39m &amp#27;[2m&amp#27;[0;39m&amp#27;[36mc.f.c.ConfigFileServerApplicationTests  &amp#27;[0;39m &amp#27;[2m:&amp#27;[0;39m Starting ConfigFileServerApplicationTests using Java 22 with PID 49809 (started by papemayeldiagnethiam in /Users/papemayeldiagnethiam/Desktop/FISA INFO 4/Architecture Service/Tp-E-Commerce/config-file-server)
&amp#27;[2m2024-04-25T14:12:43.651+02:00&amp#27;[0;39m &amp#27;[32m INFO&amp#27;[0;39m &amp#27;[35m49809&amp#27;[0;39m &amp#27;[2m---&amp#27;[0;39m &amp#27;[2m[config-file-server] [           main]&amp#27;[0;39m &amp#27;[2m&amp#27;[0;39m&amp#27;[36mc.f.c.ConfigFileServerApplicationTests  &amp#27;[0;39m &amp#27;[2m:&amp#27;[0;39m No active profile set, falling back to 1 default profile: "default"
&amp#27;[2m2024-04-25T14:12:44.102+02:00&amp#27;[0;39m &amp#27;[32m INFO&amp#27;[0;39m &amp#27;[35m49809&amp#27;[0;39m &amp#27;[2m---&amp#27;[0;39m &amp#27;[2m[config-file-server] [           main]&amp#27;[0;39m &amp#27;[2m&amp#27;[0;39m&amp#27;[36mo.s.cloud.context.scope.GenericScope    &amp#27;[0;39m &amp#27;[2m:&amp#27;[0;39m BeanFactory id=b77d0be5-2f22-3528-b13a-b6fb36eec308
&amp#27;[2m2024-04-25T14:12:44.559+02:00&amp#27;[0;39m &amp#27;[32m INFO&amp#27;[0;39m &amp#27;[35m49809&amp#27;[0;39m &amp#27;[2m---&amp#27;[0;39m &amp#27;[2m[config-file-server] [           main]&amp#27;[0;39m &amp#27;[2m&amp#27;[0;39m&amp#27;[36mo.s.b.a.e.web.EndpointLinksResolver     &amp#27;[0;39m &amp#27;[2m:&amp#27;[0;39m Exposing 1 endpoint(s) beneath base path '/actuator'
&amp#27;[2m2024-04-25T14:12:44.591+02:00&amp#27;[0;39m &amp#27;[32m INFO&amp#27;[0;39m &amp#27;[35m49809&amp#27;[0;39m &amp#27;[2m---&amp#27;[0;39m &amp#27;[2m[config-file-server] [           main]&amp#27;[0;39m &amp#27;[2m&amp#27;[0;39m&amp#27;[36mc.f.c.ConfigFileServerApplicationTests  &amp#27;[0;39m &amp#27;[2m:&amp#27;[0;39m Started ConfigFileServerApplicationTests in 1.08 seconds (process running for 1.457)
]]></system-out>
    <system-err><![CDATA[WARNING: A Java agent has been loaded dynamically (/Users/papemayeldiagnethiam/.m2/repository/net/bytebuddy/byte-buddy-agent/1.14.12/byte-buddy-agent-1.14.12.jar)
WARNING: If a serviceability tool is in use, please run with -XX:+EnableDynamicAgentLoading to hide this warning
WARNING: If a serviceability tool is not in use, please run with -Djdk.instrument.traceUsage for more information
WARNING: Dynamic loading of agents will be disallowed by default in a future release
]]></system-err>
  </testcase>
</testsuite>